C:\DEV\RESPALDOOLA\OLAOPENGL\PLANTILLAOPENGL01\DEBUG\MAIN.OBJ
C:\DEV\RESPALDOOLA\OLAOPENGL\PLANTILLAOPENGL01\DEBUG\VC110.PDB
C:\DEV\RESPALDOOLA\OLAOPENGL\DEBUG\OLAOPENGL.ILK
C:\DEV\RESPALDOOLA\OLAOPENGL\DEBUG\OLAOPENGL.EXE
C:\DEV\RESPALDOOLA\OLAOPENGL\DEBUG\OLAOPENGL.PDB
C:\USERS\MARIALOURDES\DOCUMENTS\··USB\XVI TRIMESTRE\OLAOPENGL\DEBUG\OLAOPENGL.ILK
C:\USERS\MARIALOURDES\DOCUMENTS\··USB\XVI TRIMESTRE\OLAOPENGL\DEBUG\OLAOPENGL.EXE
C:\USERS\MARIALOURDES\DOCUMENTS\··USB\XVI TRIMESTRE\OLAOPENGL\DEBUG\OLAOPENGL.PDB
C:\Users\MariaLourdes\Documents\··USB\XVI TRIMESTRE\OlaOpenGL\PlantillaOpenGL01\Debug\main.obj
C:\Users\MariaLourdes\Documents\··USB\XVI TRIMESTRE\OlaOpenGL\PlantillaOpenGL01\Debug\cl.command.1.tlog
C:\Users\MariaLourdes\Documents\··USB\XVI TRIMESTRE\OlaOpenGL\PlantillaOpenGL01\Debug\CL.read.1.tlog
C:\Users\MariaLourdes\Documents\··USB\XVI TRIMESTRE\OlaOpenGL\PlantillaOpenGL01\Debug\CL.write.1.tlog
C:\Users\MariaLourdes\Documents\··USB\XVI TRIMESTRE\OlaOpenGL\PlantillaOpenGL01\Debug\link-cvtres.read.1.tlog
C:\Users\MariaLourdes\Documents\··USB\XVI TRIMESTRE\OlaOpenGL\PlantillaOpenGL01\Debug\link-cvtres.write.1.tlog
C:\Users\MariaLourdes\Documents\··USB\XVI TRIMESTRE\OlaOpenGL\PlantillaOpenGL01\Debug\link-rc.read.1.tlog
C:\Users\MariaLourdes\Documents\··USB\XVI TRIMESTRE\OlaOpenGL\PlantillaOpenGL01\Debug\link-rc.write.1.tlog
C:\Users\MariaLourdes\Documents\··USB\XVI TRIMESTRE\OlaOpenGL\PlantillaOpenGL01\Debug\link.12736-cvtres.read.1.tlog
C:\Users\MariaLourdes\Documents\··USB\XVI TRIMESTRE\OlaOpenGL\PlantillaOpenGL01\Debug\link.12736-cvtres.write.1.tlog
C:\Users\MariaLourdes\Documents\··USB\XVI TRIMESTRE\OlaOpenGL\PlantillaOpenGL01\Debug\link.12736-rc.read.1.tlog
C:\Users\MariaLourdes\Documents\··USB\XVI TRIMESTRE\OlaOpenGL\PlantillaOpenGL01\Debug\link.12736-rc.write.1.tlog
C:\Users\MariaLourdes\Documents\··USB\XVI TRIMESTRE\OlaOpenGL\PlantillaOpenGL01\Debug\link.12736.read.1.tlog
C:\Users\MariaLourdes\Documents\··USB\XVI TRIMESTRE\OlaOpenGL\PlantillaOpenGL01\Debug\link.12736.write.1.tlog
C:\Users\MariaLourdes\Documents\··USB\XVI TRIMESTRE\OlaOpenGL\PlantillaOpenGL01\Debug\link.2916-cvtres.read.1.tlog
C:\Users\MariaLourdes\Documents\··USB\XVI TRIMESTRE\OlaOpenGL\PlantillaOpenGL01\Debug\link.2916-cvtres.write.1.tlog
C:\Users\MariaLourdes\Documents\··USB\XVI TRIMESTRE\OlaOpenGL\PlantillaOpenGL01\Debug\link.2916-rc.read.1.tlog
C:\Users\MariaLourdes\Documents\··USB\XVI TRIMESTRE\OlaOpenGL\PlantillaOpenGL01\Debug\link.2916-rc.write.1.tlog
C:\Users\MariaLourdes\Documents\··USB\XVI TRIMESTRE\OlaOpenGL\PlantillaOpenGL01\Debug\link.2916.read.1.tlog
C:\Users\MariaLourdes\Documents\··USB\XVI TRIMESTRE\OlaOpenGL\PlantillaOpenGL01\Debug\link.2916.write.1.tlog
C:\Users\MariaLourdes\Documents\··USB\XVI TRIMESTRE\OlaOpenGL\PlantillaOpenGL01\Debug\link.3592-cvtres.read.1.tlog
C:\Users\MariaLourdes\Documents\··USB\XVI TRIMESTRE\OlaOpenGL\PlantillaOpenGL01\Debug\link.3592-cvtres.write.1.tlog
C:\Users\MariaLourdes\Documents\··USB\XVI TRIMESTRE\OlaOpenGL\PlantillaOpenGL01\Debug\link.3592-rc.read.1.tlog
C:\Users\MariaLourdes\Documents\··USB\XVI TRIMESTRE\OlaOpenGL\PlantillaOpenGL01\Debug\link.3592-rc.write.1.tlog
C:\Users\MariaLourdes\Documents\··USB\XVI TRIMESTRE\OlaOpenGL\PlantillaOpenGL01\Debug\link.3592.read.1.tlog
C:\Users\MariaLourdes\Documents\··USB\XVI TRIMESTRE\OlaOpenGL\PlantillaOpenGL01\Debug\link.3592.write.1.tlog
C:\Users\MariaLourdes\Documents\··USB\XVI TRIMESTRE\OlaOpenGL\PlantillaOpenGL01\Debug\link.544-cvtres.read.1.tlog
C:\Users\MariaLourdes\Documents\··USB\XVI TRIMESTRE\OlaOpenGL\PlantillaOpenGL01\Debug\link.544-cvtres.write.1.tlog
C:\Users\MariaLourdes\Documents\··USB\XVI TRIMESTRE\OlaOpenGL\PlantillaOpenGL01\Debug\link.544-rc.read.1.tlog
C:\Users\MariaLourdes\Documents\··USB\XVI TRIMESTRE\OlaOpenGL\PlantillaOpenGL01\Debug\link.544-rc.write.1.tlog
C:\Users\MariaLourdes\Documents\··USB\XVI TRIMESTRE\OlaOpenGL\PlantillaOpenGL01\Debug\link.544.read.1.tlog
C:\Users\MariaLourdes\Documents\··USB\XVI TRIMESTRE\OlaOpenGL\PlantillaOpenGL01\Debug\link.544.write.1.tlog
C:\Users\MariaLourdes\Documents\··USB\XVI TRIMESTRE\OlaOpenGL\PlantillaOpenGL01\Debug\link.command.1.tlog
C:\Users\MariaLourdes\Documents\··USB\XVI TRIMESTRE\OlaOpenGL\PlantillaOpenGL01\Debug\link.read.1.tlog
C:\Users\MariaLourdes\Documents\··USB\XVI TRIMESTRE\OlaOpenGL\PlantillaOpenGL01\Debug\link.write.1.tlog
C:\Users\MariaLourdes\Documents\··USB\XVI TRIMESTRE\OlaOpenGL\PlantillaOpenGL01\Debug\vc110.idb
C:\Users\MariaLourdes\Documents\··USB\XVI TRIMESTRE\OlaOpenGL\PlantillaOpenGL01\Debug\vc110.pdb
C:\Users\MariaLourdes\Documents\··USB\XVI TRIMESTRE\OlaOpenGL\Debug\OlaOpenGL.pdb
C:\Users\MariaLourdes\Documents\··USB\XVI TRIMESTRE\OlaOpenGL\Debug\OlaOpenGL.exe
C:\Users\MariaLourdes\Documents\··USB\XVI TRIMESTRE\OlaOpenGL\Debug\OlaOpenGL.ilk
