Build started 22/5/2016 11:43:36 p. m..
     1>Project "C:\Users\MariaLourdes\Documents\··USB\XVI TRIMESTRE\OlaOpenGL\PlantillaOpenGL01\PlantillaOpenGL01.vcxproj" on node 2 (Build target(s)).
     1>ClCompile:
         C:\Program Files (x86)\Microsoft Visual Studio 11.0\VC\bin\CL.exe /c /IC:\dev\opengl\freeglut\include /I"C:\dev\opengl\glew-1.7.0\include" /ZI /nologo /W3 /WX- /Od /Oy- /D WIN32 /D _DEBUG /D _CONSOLE /D _UNICODE /D UNICODE /Gm /EHsc /RTC1 /MDd /GS /fp:precise /Zc:wchar_t /Zc:forScope /Fo"Debug\\" /Fd"Debug\vc110.pdb" /Gd /TP /analyze- /errorReport:prompt main.cpp
         main.cpp
     1>c:\users\marialourdes\documents\··usb\xvi trimestre\olaopengl\plantillaopengl01\main.cpp(42): warning C4305: 'argumento' : truncamiento de 'double' a 'GLfloat'
     1>c:\users\marialourdes\documents\··usb\xvi trimestre\olaopengl\plantillaopengl01\main.cpp(42): warning C4244: 'argumento' : conversión de 'int' a 'GLfloat'; posible pérdida de datos
     1>c:\users\marialourdes\documents\··usb\xvi trimestre\olaopengl\plantillaopengl01\main.cpp(43): warning C4305: 'argumento' : truncamiento de 'double' a 'GLfloat'
     1>c:\users\marialourdes\documents\··usb\xvi trimestre\olaopengl\plantillaopengl01\main.cpp(43): warning C4244: 'argumento' : conversión de 'int' a 'GLfloat'; posible pérdida de datos
     1>c:\users\marialourdes\documents\··usb\xvi trimestre\olaopengl\plantillaopengl01\main.cpp(45): warning C4244: 'argumento' : conversión de 'int' a 'GLfloat'; posible pérdida de datos
     1>c:\users\marialourdes\documents\··usb\xvi trimestre\olaopengl\plantillaopengl01\main.cpp(45): warning C4305: 'argumento' : truncamiento de 'double' a 'GLfloat'
     1>c:\users\marialourdes\documents\··usb\xvi trimestre\olaopengl\plantillaopengl01\main.cpp(46): warning C4244: 'argumento' : conversión de 'int' a 'GLfloat'; posible pérdida de datos
     1>c:\users\marialourdes\documents\··usb\xvi trimestre\olaopengl\plantillaopengl01\main.cpp(46): warning C4305: 'argumento' : truncamiento de 'double' a 'GLfloat'
     1>c:\users\marialourdes\documents\··usb\xvi trimestre\olaopengl\plantillaopengl01\main.cpp(48): warning C4305: 'argumento' : truncamiento de 'double' a 'GLfloat'
     1>c:\users\marialourdes\documents\··usb\xvi trimestre\olaopengl\plantillaopengl01\main.cpp(48): warning C4244: 'argumento' : conversión de 'int' a 'GLfloat'; posible pérdida de datos
     1>c:\users\marialourdes\documents\··usb\xvi trimestre\olaopengl\plantillaopengl01\main.cpp(49): warning C4305: 'argumento' : truncamiento de 'double' a 'GLfloat'
     1>c:\users\marialourdes\documents\··usb\xvi trimestre\olaopengl\plantillaopengl01\main.cpp(49): warning C4244: 'argumento' : conversión de 'int' a 'GLfloat'; posible pérdida de datos
     1>c:\users\marialourdes\documents\··usb\xvi trimestre\olaopengl\plantillaopengl01\main.cpp(51): warning C4244: 'argumento' : conversión de 'int' a 'GLfloat'; posible pérdida de datos
     1>c:\users\marialourdes\documents\··usb\xvi trimestre\olaopengl\plantillaopengl01\main.cpp(51): warning C4305: 'argumento' : truncamiento de 'double' a 'GLfloat'
     1>c:\users\marialourdes\documents\··usb\xvi trimestre\olaopengl\plantillaopengl01\main.cpp(52): warning C4244: 'argumento' : conversión de 'int' a 'GLfloat'; posible pérdida de datos
     1>c:\users\marialourdes\documents\··usb\xvi trimestre\olaopengl\plantillaopengl01\main.cpp(52): warning C4305: 'argumento' : truncamiento de 'double' a 'GLfloat'
     1>c:\users\marialourdes\documents\··usb\xvi trimestre\olaopengl\plantillaopengl01\main.cpp(65): warning C4101: 'aspectratio' : variable local sin referencia
     1>c:\users\marialourdes\documents\··usb\xvi trimestre\olaopengl\plantillaopengl01\main.cpp(146): warning C4305: 'inicializando' : truncamiento de 'double' a 'GLfloat'
     1>c:\users\marialourdes\documents\··usb\xvi trimestre\olaopengl\plantillaopengl01\main.cpp(147): warning C4305: 'inicializando' : truncamiento de 'double' a 'GLfloat'
     1>c:\users\marialourdes\documents\··usb\xvi trimestre\olaopengl\plantillaopengl01\main.cpp(155): warning C4305: 'inicializando' : truncamiento de 'double' a 'GLfloat'
     1>c:\users\marialourdes\documents\··usb\xvi trimestre\olaopengl\plantillaopengl01\main.cpp(156): warning C4305: 'inicializando' : truncamiento de 'double' a 'GLfloat'
     1>c:\users\marialourdes\documents\··usb\xvi trimestre\olaopengl\plantillaopengl01\main.cpp(157): warning C4305: 'inicializando' : truncamiento de 'double' a 'GLfloat'
     1>c:\users\marialourdes\documents\··usb\xvi trimestre\olaopengl\plantillaopengl01\main.cpp(170): warning C4305: 'argumento' : truncamiento de 'double' a 'GLfloat'
     1>c:\users\marialourdes\documents\··usb\xvi trimestre\olaopengl\plantillaopengl01\main.cpp(173): warning C4244: '=' : conversión de 'double' a 'int'; posible pérdida de datos
     1>c:\users\marialourdes\documents\··usb\xvi trimestre\olaopengl\plantillaopengl01\main.cpp(175): warning C4244: '=' : conversión de 'double' a 'GLfloat'; posible pérdida de datos
     1>c:\users\marialourdes\documents\··usb\xvi trimestre\olaopengl\plantillaopengl01\main.cpp(180): warning C4244: '=' : conversión de 'double' a 'int'; posible pérdida de datos
     1>c:\users\marialourdes\documents\··usb\xvi trimestre\olaopengl\plantillaopengl01\main.cpp(182): warning C4244: '=' : conversión de 'double' a 'GLfloat'; posible pérdida de datos
       Link:
         C:\Program Files (x86)\Microsoft Visual Studio 11.0\VC\bin\link.exe /ERRORREPORT:PROMPT /OUT:"C:\Users\MariaLourdes\Documents\··USB\XVI TRIMESTRE\OlaOpenGL\Debug\OlaOpenGL.exe" /INCREMENTAL /NOLOGO /LIBPATH:"C:\Program Files (x86)\Windows Kits\8.1\Lib\winv6.3\um\x86" /LIBPATH:C:\dev\opengl\freeglut\lib /LIBPATH:"C:\dev\opengl\glew-1.7.0\lib" glew32.lib freeglut.lib kernel32.lib user32.lib gdi32.lib winspool.lib comdlg32.lib advapi32.lib shell32.lib ole32.lib oleaut32.lib uuid.lib odbc32.lib odbccp32.lib /MANIFEST /MANIFESTUAC:"level='asInvoker' uiAccess='false'" /manifest:embed /DEBUG /PDB:"C:\Users\MariaLourdes\Documents\··USB\XVI TRIMESTRE\OlaOpenGL\Debug\OlaOpenGL.pdb" /SUBSYSTEM:CONSOLE /TLBID:1 /DYNAMICBASE /NXCOMPAT /IMPLIB:"C:\Users\MariaLourdes\Documents\··USB\XVI TRIMESTRE\OlaOpenGL\Debug\OlaOpenGL.lib" /MACHINE:X86 Debug\main.obj
         PlantillaOpenGL01.vcxproj -> C:\Users\MariaLourdes\Documents\··USB\XVI TRIMESTRE\OlaOpenGL\Debug\OlaOpenGL.exe
     1>Done Building Project "C:\Users\MariaLourdes\Documents\··USB\XVI TRIMESTRE\OlaOpenGL\PlantillaOpenGL01\PlantillaOpenGL01.vcxproj" (Build target(s)).

Build succeeded.

Time Elapsed 00:00:02.43
